<?xml version="1.0" encoding="UTF-8"?>
<coverage generated="1693072029595" clover="3.2.0">
  <project timestamp="1693072029595" name="All files">
    <metrics statements="175" coveredstatements="164" conditionals="61" coveredconditionals="48" methods="48" coveredmethods="47" elements="284" coveredelements="259" complexity="0" loc="175" ncloc="175" packages="12" files="24" classes="24"/>
    <package name="src">
      <metrics statements="22" coveredstatements="21" conditionals="0" coveredconditionals="0" methods="7" coveredmethods="6"/>
      <file name="App.styles.ts" path="C:\Users\ericpeweh\Desktop\Desktop\DEVELOPMENT\PROJECT\github-repositories-explorer\src\App.styles.ts">
        <metrics statements="8" coveredstatements="8" conditionals="0" coveredconditionals="0" methods="5" coveredmethods="5"/>
        <line num="2" count="1" type="stmt"/>
        <line num="4" count="1" type="stmt"/>
        <line num="15" count="1" type="stmt"/>
        <line num="18" count="1" type="stmt"/>
        <line num="21" count="1" type="stmt"/>
        <line num="27" count="1" type="stmt"/>
        <line num="34" count="1" type="stmt"/>
        <line num="37" count="1" type="stmt"/>
      </file>
      <file name="App.tsx" path="C:\Users\ericpeweh\Desktop\Desktop\DEVELOPMENT\PROJECT\github-repositories-explorer\src\App.tsx">
        <metrics statements="14" coveredstatements="13" conditionals="0" coveredconditionals="0" methods="2" coveredmethods="1"/>
        <line num="2" count="1" type="stmt"/>
        <line num="3" count="1" type="stmt"/>
        <line num="6" count="1" type="stmt"/>
        <line num="9" count="1" type="stmt"/>
        <line num="10" count="1" type="stmt"/>
        <line num="13" count="1" type="stmt"/>
        <line num="14" count="1" type="stmt"/>
        <line num="17" count="1" type="stmt"/>
        <line num="22" count="1" type="stmt"/>
        <line num="23" count="1" type="stmt"/>
        <line num="25" count="1" type="stmt"/>
        <line num="26" count="0" type="stmt"/>
        <line num="29" count="1" type="stmt"/>
        <line num="42" count="1" type="stmt"/>
      </file>
    </package>
    <package name="src.api">
      <metrics statements="24" coveredstatements="14" conditionals="10" coveredconditionals="2" methods="2" coveredmethods="2"/>
      <file name="repositories.ts" path="C:\Users\ericpeweh\Desktop\Desktop\DEVELOPMENT\PROJECT\github-repositories-explorer\src\api\repositories.ts">
        <metrics statements="12" coveredstatements="7" conditionals="5" coveredconditionals="1" methods="1" coveredmethods="1"/>
        <line num="2" count="3" type="stmt"/>
        <line num="4" count="3" type="stmt"/>
        <line num="5" count="5" type="stmt"/>
        <line num="8" count="5" type="cond" truecount="1" falsecount="0"/>
        <line num="9" count="1" type="stmt"/>
        <line num="12" count="4" type="cond" truecount="0" falsecount="1"/>
        <line num="13" count="0" type="stmt"/>
        <line num="14" count="0" type="cond" truecount="0" falsecount="2"/>
        <line num="16" count="0" type="cond" truecount="0" falsecount="1"/>
        <line num="17" count="0" type="stmt"/>
        <line num="20" count="0" type="stmt"/>
        <line num="23" count="4" type="stmt"/>
      </file>
      <file name="users.ts" path="C:\Users\ericpeweh\Desktop\Desktop\DEVELOPMENT\PROJECT\github-repositories-explorer\src\api\users.ts">
        <metrics statements="12" coveredstatements="7" conditionals="5" coveredconditionals="1" methods="1" coveredmethods="1"/>
        <line num="2" count="2" type="stmt"/>
        <line num="4" count="2" type="stmt"/>
        <line num="5" count="4" type="stmt"/>
        <line num="10" count="4" type="cond" truecount="1" falsecount="0"/>
        <line num="11" count="1" type="stmt"/>
        <line num="14" count="3" type="cond" truecount="0" falsecount="1"/>
        <line num="15" count="0" type="stmt"/>
        <line num="16" count="0" type="cond" truecount="0" falsecount="2"/>
        <line num="18" count="0" type="cond" truecount="0" falsecount="1"/>
        <line num="19" count="0" type="stmt"/>
        <line num="22" count="0" type="stmt"/>
        <line num="25" count="3" type="stmt"/>
      </file>
    </package>
    <package name="src.assets.icons">
      <metrics statements="12" coveredstatements="12" conditionals="0" coveredconditionals="0" methods="4" coveredmethods="4"/>
      <file name="IconChevronDown.tsx" path="C:\Users\ericpeweh\Desktop\Desktop\DEVELOPMENT\PROJECT\github-repositories-explorer\src\assets\icons\IconChevronDown.tsx">
        <metrics statements="3" coveredstatements="3" conditionals="0" coveredconditionals="0" methods="1" coveredmethods="1"/>
        <line num="4" count="3" type="stmt"/>
        <line num="5" count="8" type="stmt"/>
        <line num="15" count="3" type="stmt"/>
      </file>
      <file name="IconChevronUp.tsx" path="C:\Users\ericpeweh\Desktop\Desktop\DEVELOPMENT\PROJECT\github-repositories-explorer\src\assets\icons\IconChevronUp.tsx">
        <metrics statements="3" coveredstatements="3" conditionals="0" coveredconditionals="0" methods="1" coveredmethods="1"/>
        <line num="4" count="3" type="stmt"/>
        <line num="5" count="3" type="stmt"/>
        <line num="15" count="3" type="stmt"/>
      </file>
      <file name="IconErrorCircle.tsx" path="C:\Users\ericpeweh\Desktop\Desktop\DEVELOPMENT\PROJECT\github-repositories-explorer\src\assets\icons\IconErrorCircle.tsx">
        <metrics statements="3" coveredstatements="3" conditionals="0" coveredconditionals="0" methods="1" coveredmethods="1"/>
        <line num="4" count="3" type="stmt"/>
        <line num="5" count="1" type="stmt"/>
        <line num="13" count="3" type="stmt"/>
      </file>
      <file name="IconStar.tsx" path="C:\Users\ericpeweh\Desktop\Desktop\DEVELOPMENT\PROJECT\github-repositories-explorer\src\assets\icons\IconStar.tsx">
        <metrics statements="3" coveredstatements="3" conditionals="0" coveredconditionals="0" methods="1" coveredmethods="1"/>
        <line num="4" count="4" type="stmt"/>
        <line num="5" count="2" type="stmt"/>
        <line num="12" count="4" type="stmt"/>
      </file>
    </package>
    <package name="src.components.ErrorFallback">
      <metrics statements="9" coveredstatements="9" conditionals="6" coveredconditionals="5" methods="3" coveredmethods="3"/>
      <file name="ErrorFallback.styles.ts" path="C:\Users\ericpeweh\Desktop\Desktop\DEVELOPMENT\PROJECT\github-repositories-explorer\src\components\ErrorFallback\ErrorFallback.styles.ts">
        <metrics statements="4" coveredstatements="4" conditionals="2" coveredconditionals="1" methods="2" coveredmethods="2"/>
        <line num="2" count="5" type="stmt"/>
        <line num="4" count="5" type="stmt"/>
        <line num="13" count="5" type="stmt"/>
        <line num="20" count="5" type="stmt"/>
      </file>
      <file name="ErrorFallback.tsx" path="C:\Users\ericpeweh\Desktop\Desktop\DEVELOPMENT\PROJECT\github-repositories-explorer\src\components\ErrorFallback\ErrorFallback.tsx">
        <metrics statements="5" coveredstatements="5" conditionals="4" coveredconditionals="4" methods="1" coveredmethods="1"/>
        <line num="2" count="5" type="stmt"/>
        <line num="20" count="5" type="stmt"/>
        <line num="21" count="5" type="stmt"/>
        <line num="23" count="5" type="stmt"/>
        <line num="33" count="5" type="stmt"/>
      </file>
    </package>
    <package name="src.components.LoadingSpinner">
      <metrics statements="9" coveredstatements="9" conditionals="6" coveredconditionals="6" methods="2" coveredmethods="2"/>
      <file name="LoadingSpinner.styles.ts" path="C:\Users\ericpeweh\Desktop\Desktop\DEVELOPMENT\PROJECT\github-repositories-explorer\src\components\LoadingSpinner\LoadingSpinner.styles.ts">
        <metrics statements="4" coveredstatements="4" conditionals="2" coveredconditionals="2" methods="1" coveredmethods="1"/>
        <line num="2" count="5" type="stmt"/>
        <line num="5" count="5" type="stmt"/>
        <line num="22" count="5" type="stmt"/>
        <line num="23" count="10" type="stmt"/>
      </file>
      <file name="LoadingSpinner.tsx" path="C:\Users\ericpeweh\Desktop\Desktop\DEVELOPMENT\PROJECT\github-repositories-explorer\src\components\LoadingSpinner\LoadingSpinner.tsx">
        <metrics statements="5" coveredstatements="5" conditionals="4" coveredconditionals="4" methods="1" coveredmethods="1"/>
        <line num="2" count="5" type="stmt"/>
        <line num="22" count="5" type="stmt"/>
        <line num="23" count="10" type="cond" truecount="4" falsecount="0"/>
        <line num="25" count="10" type="stmt"/>
        <line num="37" count="5" type="stmt"/>
      </file>
    </package>
    <package name="src.components.RepositoryItem">
      <metrics statements="18" coveredstatements="18" conditionals="2" coveredconditionals="2" methods="9" coveredmethods="9"/>
      <file name="RepositoryItem.styles.ts" path="C:\Users\ericpeweh\Desktop\Desktop\DEVELOPMENT\PROJECT\github-repositories-explorer\src\components\RepositoryItem\RepositoryItem.styles.ts">
        <metrics statements="12" coveredstatements="12" conditionals="0" coveredconditionals="0" methods="8" coveredmethods="8"/>
        <line num="2" count="4" type="stmt"/>
        <line num="4" count="4" type="stmt"/>
        <line num="12" count="4" type="stmt"/>
        <line num="17" count="4" type="stmt"/>
        <line num="24" count="4" type="stmt"/>
        <line num="25" count="2" type="stmt"/>
        <line num="31" count="2" type="stmt"/>
        <line num="32" count="2" type="stmt"/>
        <line num="34" count="2" type="stmt"/>
        <line num="35" count="2" type="stmt"/>
        <line num="40" count="4" type="stmt"/>
        <line num="48" count="4" type="stmt"/>
      </file>
      <file name="RepositoryItem.tsx" path="C:\Users\ericpeweh\Desktop\Desktop\DEVELOPMENT\PROJECT\github-repositories-explorer\src\components\RepositoryItem\RepositoryItem.tsx">
        <metrics statements="6" coveredstatements="6" conditionals="2" coveredconditionals="2" methods="1" coveredmethods="1"/>
        <line num="2" count="4" type="stmt"/>
        <line num="12" count="4" type="stmt"/>
        <line num="26" count="4" type="stmt"/>
        <line num="27" count="2" type="stmt"/>
        <line num="29" count="2" type="stmt"/>
        <line num="45" count="4" type="stmt"/>
      </file>
    </package>
    <package name="src.components.SearchHeader">
      <metrics statements="17" coveredstatements="17" conditionals="0" coveredconditionals="0" methods="6" coveredmethods="6"/>
      <file name="SearchHeader.styles.ts" path="C:\Users\ericpeweh\Desktop\Desktop\DEVELOPMENT\PROJECT\github-repositories-explorer\src\components\SearchHeader\SearchHeader.styles.ts">
        <metrics statements="6" coveredstatements="6" conditionals="0" coveredconditionals="0" methods="3" coveredmethods="3"/>
        <line num="2" count="2" type="stmt"/>
        <line num="4" count="2" type="stmt"/>
        <line num="8" count="2" type="stmt"/>
        <line num="15" count="24" type="stmt"/>
        <line num="21" count="24" type="stmt"/>
        <line num="31" count="24" type="stmt"/>
      </file>
      <file name="SearchHeader.tsx" path="C:\Users\ericpeweh\Desktop\Desktop\DEVELOPMENT\PROJECT\github-repositories-explorer\src\components\SearchHeader\SearchHeader.tsx">
        <metrics statements="11" coveredstatements="11" conditionals="0" coveredconditionals="0" methods="3" coveredmethods="3"/>
        <line num="2" count="2" type="stmt"/>
        <line num="5" count="2" type="stmt"/>
        <line num="22" count="2" type="stmt"/>
        <line num="23" count="24" type="stmt"/>
        <line num="25" count="24" type="stmt"/>
        <line num="26" count="20" type="stmt"/>
        <line num="29" count="24" type="stmt"/>
        <line num="31" count="1" type="stmt"/>
        <line num="33" count="1" type="stmt"/>
        <line num="36" count="24" type="stmt"/>
        <line num="53" count="2" type="stmt"/>
      </file>
    </package>
    <package name="src.components.SearchResult">
      <metrics statements="14" coveredstatements="14" conditionals="14" coveredconditionals="13" methods="3" coveredmethods="3"/>
      <file name="SearchResult.styles.ts" path="C:\Users\ericpeweh\Desktop\Desktop\DEVELOPMENT\PROJECT\github-repositories-explorer\src\components\SearchResult\SearchResult.styles.ts">
        <metrics statements="4" coveredstatements="4" conditionals="0" coveredconditionals="0" methods="1" coveredmethods="1"/>
        <line num="2" count="2" type="stmt"/>
        <line num="4" count="2" type="stmt"/>
        <line num="11" count="2" type="stmt"/>
        <line num="16" count="2" type="stmt"/>
      </file>
      <file name="SearchResult.tsx" path="C:\Users\ericpeweh\Desktop\Desktop\DEVELOPMENT\PROJECT\github-repositories-explorer\src\components\SearchResult\SearchResult.tsx">
        <metrics statements="10" coveredstatements="10" conditionals="14" coveredconditionals="13" methods="2" coveredmethods="2"/>
        <line num="2" count="2" type="stmt"/>
        <line num="5" count="2" type="stmt"/>
        <line num="6" count="2" type="stmt"/>
        <line num="9" count="2" type="stmt"/>
        <line num="10" count="2" type="stmt"/>
        <line num="22" count="2" type="stmt"/>
        <line num="31" count="8" type="stmt"/>
        <line num="33" count="8" type="stmt"/>
        <line num="45" count="4" type="stmt"/>
        <line num="55" count="2" type="stmt"/>
      </file>
    </package>
    <package name="src.components.UserItem">
      <metrics statements="27" coveredstatements="27" conditionals="23" coveredconditionals="20" methods="8" coveredmethods="8"/>
      <file name="UserItem.styles.ts" path="C:\Users\ericpeweh\Desktop\Desktop\DEVELOPMENT\PROJECT\github-repositories-explorer\src\components\UserItem\UserItem.styles.ts">
        <metrics statements="7" coveredstatements="7" conditionals="0" coveredconditionals="0" methods="4" coveredmethods="4"/>
        <line num="2" count="3" type="stmt"/>
        <line num="4" count="11" type="stmt"/>
        <line num="11" count="11" type="stmt"/>
        <line num="22" count="11" type="stmt"/>
        <line num="28" count="3" type="stmt"/>
        <line num="38" count="2" type="stmt"/>
        <line num="44" count="3" type="stmt"/>
      </file>
      <file name="UserItem.tsx" path="C:\Users\ericpeweh\Desktop\Desktop\DEVELOPMENT\PROJECT\github-repositories-explorer\src\components\UserItem\UserItem.tsx">
        <metrics statements="20" coveredstatements="20" conditionals="23" coveredconditionals="20" methods="4" coveredmethods="4"/>
        <line num="2" count="3" type="stmt"/>
        <line num="3" count="3" type="stmt"/>
        <line num="6" count="3" type="stmt"/>
        <line num="7" count="3" type="stmt"/>
        <line num="8" count="3" type="stmt"/>
        <line num="11" count="3" type="stmt"/>
        <line num="17" count="3" type="stmt"/>
        <line num="26" count="3" type="stmt"/>
        <line num="27" count="3" type="stmt"/>
        <line num="28" count="3" type="stmt"/>
        <line num="38" count="3" type="stmt"/>
        <line num="39" count="11" type="stmt"/>
        <line num="40" count="11" type="stmt"/>
        <line num="41" count="11" type="stmt"/>
        <line num="51" count="11" type="stmt"/>
        <line num="53" count="11" type="stmt"/>
        <line num="54" count="3" type="stmt"/>
        <line num="57" count="11" type="stmt"/>
        <line num="79" count="4" type="stmt"/>
        <line num="93" count="3" type="stmt"/>
      </file>
    </package>
    <package name="src.helpers">
      <metrics statements="3" coveredstatements="3" conditionals="0" coveredconditionals="0" methods="0" coveredmethods="0"/>
      <file name="constants.ts" path="C:\Users\ericpeweh\Desktop\Desktop\DEVELOPMENT\PROJECT\github-repositories-explorer\src\helpers\constants.ts">
        <metrics statements="3" coveredstatements="3" conditionals="0" coveredconditionals="0" methods="0" coveredmethods="0"/>
        <line num="2" count="4" type="stmt"/>
        <line num="5" count="4" type="stmt"/>
        <line num="6" count="4" type="stmt"/>
      </file>
    </package>
    <package name="src.hooks.api">
      <metrics statements="18" coveredstatements="18" conditionals="0" coveredconditionals="0" methods="4" coveredmethods="4"/>
      <file name="useGetUserRepositories.ts" path="C:\Users\ericpeweh\Desktop\Desktop\DEVELOPMENT\PROJECT\github-repositories-explorer\src\hooks\api\useGetUserRepositories.ts">
        <metrics statements="9" coveredstatements="9" conditionals="0" coveredconditionals="0" methods="2" coveredmethods="2"/>
        <line num="2" count="3" type="stmt"/>
        <line num="5" count="3" type="stmt"/>
        <line num="8" count="3" type="stmt"/>
        <line num="14" count="3" type="stmt"/>
        <line num="15" count="11" type="stmt"/>
        <line num="20" count="11" type="stmt"/>
        <line num="22" count="5" type="stmt"/>
        <line num="26" count="11" type="stmt"/>
        <line num="29" count="3" type="stmt"/>
      </file>
      <file name="useGetUsersByUsername.ts" path="C:\Users\ericpeweh\Desktop\Desktop\DEVELOPMENT\PROJECT\github-repositories-explorer\src\hooks\api\useGetUsersByUsername.ts">
        <metrics statements="9" coveredstatements="9" conditionals="0" coveredconditionals="0" methods="2" coveredmethods="2"/>
        <line num="2" count="2" type="stmt"/>
        <line num="5" count="2" type="stmt"/>
        <line num="8" count="2" type="stmt"/>
        <line num="14" count="2" type="stmt"/>
        <line num="15" count="8" type="stmt"/>
        <line num="20" count="8" type="stmt"/>
        <line num="22" count="4" type="stmt"/>
        <line num="26" count="8" type="stmt"/>
        <line num="29" count="2" type="stmt"/>
      </file>
    </package>
    <package name="src.styles">
      <metrics statements="2" coveredstatements="2" conditionals="0" coveredconditionals="0" methods="0" coveredmethods="0"/>
      <file name="theme.ts" path="C:\Users\ericpeweh\Desktop\Desktop\DEVELOPMENT\PROJECT\github-repositories-explorer\src\styles\theme.ts">
        <metrics statements="2" coveredstatements="2" conditionals="0" coveredconditionals="0" methods="0" coveredmethods="0"/>
        <line num="24" count="1" type="stmt"/>
        <line num="46" count="1" type="stmt"/>
      </file>
    </package>
  </project>
</coverage>
