{"C:\\Users\\ericpeweh\\Desktop\\Desktop\\DEVELOPMENT\\PROJECT\\github-repositories-explorer\\src\\App.styles.ts": {"path":"C:\\Users\\ericpeweh\\Desktop\\Desktop\\DEVELOPMENT\\PROJECT\\github-repositories-explorer\\src\\App.styles.ts","statementMap":{"0":{"start":{"line":2,"column":0},"end":{"line":2,"column":48}},"1":{"start":{"line":4,"column":13},"end":{"line":25,"column":2}},"2":{"start":{"line":15,"column":43},"end":{"line":15,"column":62}},"3":{"start":{"line":18,"column":43},"end":{"line":18,"column":62}},"4":{"start":{"line":21,"column":43},"end":{"line":21,"column":62}},"5":{"start":{"line":27,"column":13},"end":{"line":41,"column":2}},"6":{"start":{"line":34,"column":43},"end":{"line":34,"column":62}},"7":{"start":{"line":37,"column":43},"end":{"line":37,"column":62}}},"fnMap":{"0":{"name":"(anonymous_6)","decl":{"start":{"line":15,"column":34},"end":{"line":15,"column":39}},"loc":{"start":{"line":15,"column":43},"end":{"line":15,"column":62}}},"1":{"name":"(anonymous_7)","decl":{"start":{"line":18,"column":34},"end":{"line":18,"column":39}},"loc":{"start":{"line":18,"column":43},"end":{"line":18,"column":62}}},"2":{"name":"(anonymous_8)","decl":{"start":{"line":21,"column":34},"end":{"line":21,"column":39}},"loc":{"start":{"line":21,"column":43},"end":{"line":21,"column":62}}},"3":{"name":"(anonymous_9)","decl":{"start":{"line":34,"column":34},"end":{"line":34,"column":39}},"loc":{"start":{"line":34,"column":43},"end":{"line":34,"column":62}}},"4":{"name":"(anonymous_10)","decl":{"start":{"line":37,"column":34},"end":{"line":37,"column":39}},"loc":{"start":{"line":37,"column":43},"end":{"line":37,"column":62}}}},"branchMap":{},"s":{"0":1,"1":1,"2":1,"3":1,"4":1,"5":1,"6":1,"7":1},"f":{"0":1,"1":1,"2":1,"3":1,"4":1},"b":{}}
,"C:\\Users\\ericpeweh\\Desktop\\Desktop\\DEVELOPMENT\\PROJECT\\github-repositories-explorer\\src\\App.tsx": {"path":"C:\\Users\\ericpeweh\\Desktop\\Desktop\\DEVELOPMENT\\PROJECT\\github-repositories-explorer\\src\\App.tsx","statementMap":{"0":{"start":{"line":2,"column":0},"end":{"line":2,"column":50}},"1":{"start":{"line":3,"column":0},"end":{"line":3,"column":73}},"2":{"start":{"line":6,"column":0},"end":{"line":6,"column":33}},"3":{"start":{"line":9,"column":0},"end":{"line":9,"column":66}},"4":{"start":{"line":10,"column":0},"end":{"line":10,"column":66}},"5":{"start":{"line":13,"column":0},"end":{"line":13,"column":35}},"6":{"start":{"line":14,"column":0},"end":{"line":14,"column":53}},"7":{"start":{"line":17,"column":23},"end":{"line":17,"column":40}},"8":{"start":{"line":22,"column":12},"end":{"line":40,"column":1}},"9":{"start":{"line":23,"column":39},"end":{"line":23,"column":59}},"10":{"start":{"line":25,"column":29},"end":{"line":27,"column":2}},"11":{"start":{"line":26,"column":2},"end":{"line":26,"column":32}},"12":{"start":{"line":29,"column":1},"end":{"line":39,"column":3}},"13":{"start":{"line":42,"column":0},"end":{"line":42,"column":19}}},"fnMap":{"0":{"name":"(anonymous_1)","decl":{"start":{"line":22,"column":12},"end":{"line":22,"column":15}},"loc":{"start":{"line":22,"column":17},"end":{"line":40,"column":1}}},"1":{"name":"(anonymous_2)","decl":{"start":{"line":25,"column":29},"end":{"line":25,"column":30}},"loc":{"start":{"line":25,"column":55},"end":{"line":27,"column":2}}}},"branchMap":{},"s":{"0":1,"1":1,"2":1,"3":1,"4":1,"5":1,"6":1,"7":1,"8":1,"9":1,"10":1,"11":0,"12":1,"13":1},"f":{"0":1,"1":0},"b":{}}
,"C:\\Users\\ericpeweh\\Desktop\\Desktop\\DEVELOPMENT\\PROJECT\\github-repositories-explorer\\src\\api\\repositories.ts": {"path":"C:\\Users\\ericpeweh\\Desktop\\Desktop\\DEVELOPMENT\\PROJECT\\github-repositories-explorer\\src\\api\\repositories.ts","statementMap":{"0":{"start":{"line":2,"column":0},"end":{"line":2,"column":59}},"1":{"start":{"line":4,"column":36},"end":{"line":24,"column":1}},"2":{"start":{"line":5,"column":18},"end":{"line":5,"column":79}},"3":{"start":{"line":8,"column":1},"end":{"line":10,"column":null}},"4":{"start":{"line":9,"column":2},"end":{"line":9,"column":55}},"5":{"start":{"line":12,"column":1},"end":{"line":21,"column":null}},"6":{"start":{"line":13,"column":23},"end":{"line":13,"column":44}},"7":{"start":{"line":14,"column":21},"end":{"line":14,"column":97}},"8":{"start":{"line":16,"column":2},"end":{"line":18,"column":null}},"9":{"start":{"line":17,"column":3},"end":{"line":17,"column":56}},"10":{"start":{"line":20,"column":2},"end":{"line":20,"column":33}},"11":{"start":{"line":23,"column":1},"end":{"line":23,"column":24}},"12":{"start":{"line":4,"column":13},"end":{"line":4,"column":36}}},"fnMap":{"0":{"name":"(anonymous_0)","decl":{"start":{"line":4,"column":36},"end":{"line":4,"column":41}},"loc":{"start":{"line":4,"column":63},"end":{"line":24,"column":1}}}},"branchMap":{"0":{"loc":{"start":{"line":8,"column":1},"end":{"line":10,"column":null}},"type":"if","locations":[{"start":{"line":8,"column":1},"end":{"line":10,"column":null}}]},"1":{"loc":{"start":{"line":12,"column":1},"end":{"line":21,"column":null}},"type":"if","locations":[{"start":{"line":12,"column":1},"end":{"line":21,"column":null}}]},"2":{"loc":{"start":{"line":14,"column":21},"end":{"line":14,"column":97}},"type":"binary-expr","locations":[{"start":{"line":14,"column":21},"end":{"line":14,"column":42}},{"start":{"line":14,"column":46},"end":{"line":14,"column":97}}]},"3":{"loc":{"start":{"line":16,"column":2},"end":{"line":18,"column":null}},"type":"if","locations":[{"start":{"line":16,"column":2},"end":{"line":18,"column":null}}]}},"s":{"0":3,"1":3,"2":5,"3":5,"4":1,"5":4,"6":0,"7":0,"8":0,"9":0,"10":0,"11":4,"12":3},"f":{"0":5},"b":{"0":[1],"1":[0],"2":[0,0],"3":[0]}}
,"C:\\Users\\ericpeweh\\Desktop\\Desktop\\DEVELOPMENT\\PROJECT\\github-repositories-explorer\\src\\api\\users.ts": {"path":"C:\\Users\\ericpeweh\\Desktop\\Desktop\\DEVELOPMENT\\PROJECT\\github-repositories-explorer\\src\\api\\users.ts","statementMap":{"0":{"start":{"line":2,"column":0},"end":{"line":2,"column":59}},"1":{"start":{"line":4,"column":36},"end":{"line":26,"column":1}},"2":{"start":{"line":5,"column":18},"end":{"line":6,"column":null}},"3":{"start":{"line":10,"column":1},"end":{"line":12,"column":null}},"4":{"start":{"line":11,"column":2},"end":{"line":11,"column":55}},"5":{"start":{"line":14,"column":1},"end":{"line":23,"column":null}},"6":{"start":{"line":15,"column":23},"end":{"line":15,"column":44}},"7":{"start":{"line":16,"column":21},"end":{"line":16,"column":90}},"8":{"start":{"line":18,"column":2},"end":{"line":20,"column":null}},"9":{"start":{"line":19,"column":3},"end":{"line":19,"column":56}},"10":{"start":{"line":22,"column":2},"end":{"line":22,"column":32}},"11":{"start":{"line":25,"column":1},"end":{"line":25,"column":24}},"12":{"start":{"line":4,"column":13},"end":{"line":4,"column":36}}},"fnMap":{"0":{"name":"(anonymous_0)","decl":{"start":{"line":4,"column":36},"end":{"line":4,"column":41}},"loc":{"start":{"line":4,"column":63},"end":{"line":26,"column":1}}}},"branchMap":{"0":{"loc":{"start":{"line":10,"column":1},"end":{"line":12,"column":null}},"type":"if","locations":[{"start":{"line":10,"column":1},"end":{"line":12,"column":null}}]},"1":{"loc":{"start":{"line":14,"column":1},"end":{"line":23,"column":null}},"type":"if","locations":[{"start":{"line":14,"column":1},"end":{"line":23,"column":null}}]},"2":{"loc":{"start":{"line":16,"column":21},"end":{"line":16,"column":90}},"type":"binary-expr","locations":[{"start":{"line":16,"column":21},"end":{"line":16,"column":42}},{"start":{"line":16,"column":46},"end":{"line":16,"column":90}}]},"3":{"loc":{"start":{"line":18,"column":2},"end":{"line":20,"column":null}},"type":"if","locations":[{"start":{"line":18,"column":2},"end":{"line":20,"column":null}}]}},"s":{"0":2,"1":2,"2":4,"3":4,"4":1,"5":3,"6":0,"7":0,"8":0,"9":0,"10":0,"11":3,"12":2},"f":{"0":4},"b":{"0":[1],"1":[0],"2":[0,0],"3":[0]}}
,"C:\\Users\\ericpeweh\\Desktop\\Desktop\\DEVELOPMENT\\PROJECT\\github-repositories-explorer\\src\\assets\\icons\\IconChevronDown.tsx": {"path":"C:\\Users\\ericpeweh\\Desktop\\Desktop\\DEVELOPMENT\\PROJECT\\github-repositories-explorer\\src\\assets\\icons\\IconChevronDown.tsx","statementMap":{"0":{"start":{"line":4,"column":24},"end":{"line":13,"column":1}},"1":{"start":{"line":5,"column":1},"end":{"line":12,"column":3}},"2":{"start":{"line":15,"column":0},"end":{"line":15,"column":31}}},"fnMap":{"0":{"name":"(anonymous_0)","decl":{"start":{"line":4,"column":24},"end":{"line":4,"column":25}},"loc":{"start":{"line":4,"column":59},"end":{"line":13,"column":1}}}},"branchMap":{},"s":{"0":3,"1":8,"2":3},"f":{"0":8},"b":{}}
,"C:\\Users\\ericpeweh\\Desktop\\Desktop\\DEVELOPMENT\\PROJECT\\github-repositories-explorer\\src\\assets\\icons\\IconChevronUp.tsx": {"path":"C:\\Users\\ericpeweh\\Desktop\\Desktop\\DEVELOPMENT\\PROJECT\\github-repositories-explorer\\src\\assets\\icons\\IconChevronUp.tsx","statementMap":{"0":{"start":{"line":4,"column":22},"end":{"line":13,"column":1}},"1":{"start":{"line":5,"column":1},"end":{"line":12,"column":3}},"2":{"start":{"line":15,"column":0},"end":{"line":15,"column":29}}},"fnMap":{"0":{"name":"(anonymous_0)","decl":{"start":{"line":4,"column":22},"end":{"line":4,"column":23}},"loc":{"start":{"line":4,"column":57},"end":{"line":13,"column":1}}}},"branchMap":{},"s":{"0":3,"1":3,"2":3},"f":{"0":3},"b":{}}
,"C:\\Users\\ericpeweh\\Desktop\\Desktop\\DEVELOPMENT\\PROJECT\\github-repositories-explorer\\src\\assets\\icons\\IconErrorCircle.tsx": {"path":"C:\\Users\\ericpeweh\\Desktop\\Desktop\\DEVELOPMENT\\PROJECT\\github-repositories-explorer\\src\\assets\\icons\\IconErrorCircle.tsx","statementMap":{"0":{"start":{"line":4,"column":24},"end":{"line":11,"column":1}},"1":{"start":{"line":5,"column":1},"end":{"line":10,"column":3}},"2":{"start":{"line":13,"column":0},"end":{"line":13,"column":31}}},"fnMap":{"0":{"name":"(anonymous_0)","decl":{"start":{"line":4,"column":24},"end":{"line":4,"column":25}},"loc":{"start":{"line":4,"column":59},"end":{"line":11,"column":1}}}},"branchMap":{},"s":{"0":3,"1":1,"2":3},"f":{"0":1},"b":{}}
,"C:\\Users\\ericpeweh\\Desktop\\Desktop\\DEVELOPMENT\\PROJECT\\github-repositories-explorer\\src\\assets\\icons\\IconStar.tsx": {"path":"C:\\Users\\ericpeweh\\Desktop\\Desktop\\DEVELOPMENT\\PROJECT\\github-repositories-explorer\\src\\assets\\icons\\IconStar.tsx","statementMap":{"0":{"start":{"line":4,"column":17},"end":{"line":10,"column":1}},"1":{"start":{"line":5,"column":1},"end":{"line":9,"column":3}},"2":{"start":{"line":12,"column":0},"end":{"line":12,"column":24}}},"fnMap":{"0":{"name":"(anonymous_0)","decl":{"start":{"line":4,"column":17},"end":{"line":4,"column":18}},"loc":{"start":{"line":4,"column":52},"end":{"line":10,"column":1}}}},"branchMap":{},"s":{"0":4,"1":2,"2":4},"f":{"0":2},"b":{}}
,"C:\\Users\\ericpeweh\\Desktop\\Desktop\\DEVELOPMENT\\PROJECT\\github-repositories-explorer\\src\\components\\ErrorFallback\\ErrorFallback.styles.ts": {"path":"C:\\Users\\ericpeweh\\Desktop\\Desktop\\DEVELOPMENT\\PROJECT\\github-repositories-explorer\\src\\components\\ErrorFallback\\ErrorFallback.styles.ts","statementMap":{"0":{"start":{"line":2,"column":0},"end":{"line":2,"column":39}},"1":{"start":{"line":4,"column":13},"end":{"line":11,"column":3}},"2":{"start":{"line":13,"column":13},"end":{"line":18,"column":4}},"3":{"start":{"line":13,"column":82},"end":{"line":18,"column":2}},"4":{"start":{"line":20,"column":13},"end":{"line":28,"column":4}},"5":{"start":{"line":20,"column":58},"end":{"line":28,"column":2}}},"fnMap":{"0":{"name":"(anonymous_1)","decl":{"start":{"line":13,"column":58},"end":{"line":13,"column":59}},"loc":{"start":{"line":13,"column":82},"end":{"line":18,"column":2}}},"1":{"name":"(anonymous_2)","decl":{"start":{"line":20,"column":42},"end":{"line":20,"column":43}},"loc":{"start":{"line":20,"column":58},"end":{"line":28,"column":2}}}},"branchMap":{"0":{"loc":{"start":{"line":16,"column":8},"end":{"line":16,"column":42}},"type":"cond-expr","locations":[{"start":{"line":16,"column":17},"end":{"line":16,"column":33}},{"start":{"line":16,"column":36},"end":{"line":16,"column":42}}]}},"s":{"0":5,"1":5,"2":5,"3":5,"4":5,"5":3},"f":{"0":5,"1":3},"b":{"0":[0,5]}}
,"C:\\Users\\ericpeweh\\Desktop\\Desktop\\DEVELOPMENT\\PROJECT\\github-repositories-explorer\\src\\components\\ErrorFallback\\ErrorFallback.tsx": {"path":"C:\\Users\\ericpeweh\\Desktop\\Desktop\\DEVELOPMENT\\PROJECT\\github-repositories-explorer\\src\\components\\ErrorFallback\\ErrorFallback.tsx","statementMap":{"0":{"start":{"line":2,"column":0},"end":{"line":2,"column":92}},"1":{"start":{"line":20,"column":22},"end":{"line":31,"column":1}},"2":{"start":{"line":21,"column":21},"end":{"line":21,"column":37}},"3":{"start":{"line":23,"column":1},"end":{"line":30,"column":3}},"4":{"start":{"line":33,"column":0},"end":{"line":33,"column":29}}},"fnMap":{"0":{"name":"(anonymous_0)","decl":{"start":{"line":20,"column":22},"end":{"line":20,"column":23}},"loc":{"start":{"line":20,"column":78},"end":{"line":31,"column":1}}}},"branchMap":{"0":{"loc":{"start":{"line":26,"column":5},"end":{"line":26,"column":62}},"type":"binary-expr","locations":[{"start":{"line":26,"column":5},"end":{"line":26,"column":17}},{"start":{"line":26,"column":21},"end":{"line":26,"column":62}}]},"1":{"loc":{"start":{"line":28,"column":4},"end":{"line":28,"column":69}},"type":"binary-expr","locations":[{"start":{"line":28,"column":4},"end":{"line":28,"column":10}},{"start":{"line":28,"column":14},"end":{"line":28,"column":69}}]}},"s":{"0":5,"1":5,"2":5,"3":5,"4":5},"f":{"0":5},"b":{"0":[5,2],"1":[5,3]}}
,"C:\\Users\\ericpeweh\\Desktop\\Desktop\\DEVELOPMENT\\PROJECT\\github-repositories-explorer\\src\\components\\LoadingSpinner\\LoadingSpinner.styles.ts": {"path":"C:\\Users\\ericpeweh\\Desktop\\Desktop\\DEVELOPMENT\\PROJECT\\github-repositories-explorer\\src\\components\\LoadingSpinner\\LoadingSpinner.styles.ts","statementMap":{"0":{"start":{"line":2,"column":0},"end":{"line":2,"column":59}},"1":{"start":{"line":5,"column":22},"end":{"line":12,"column":2}},"2":{"start":{"line":22,"column":13},"end":{"line":34,"column":2}},"3":{"start":{"line":23,"column":66},"end":{"line":30,"column":3}}},"fnMap":{"0":{"name":"(anonymous_6)","decl":{"start":{"line":23,"column":1},"end":{"line":23,"column":2}},"loc":{"start":{"line":23,"column":66},"end":{"line":30,"column":3}}}},"branchMap":{"0":{"loc":{"start":{"line":26,"column":35},"end":{"line":26,"column":63}},"type":"binary-expr","locations":[{"start":{"line":26,"column":35},"end":{"line":26,"column":41}},{"start":{"line":26,"column":45},"end":{"line":26,"column":63}}]}},"s":{"0":5,"1":5,"2":5,"3":10},"f":{"0":10},"b":{"0":[10,10]}}
,"C:\\Users\\ericpeweh\\Desktop\\Desktop\\DEVELOPMENT\\PROJECT\\github-repositories-explorer\\src\\components\\LoadingSpinner\\LoadingSpinner.tsx": {"path":"C:\\Users\\ericpeweh\\Desktop\\Desktop\\DEVELOPMENT\\PROJECT\\github-repositories-explorer\\src\\components\\LoadingSpinner\\LoadingSpinner.tsx","statementMap":{"0":{"start":{"line":2,"column":0},"end":{"line":2,"column":50}},"1":{"start":{"line":22,"column":23},"end":{"line":35,"column":1}},"2":{"start":{"line":23,"column":85},"end":{"line":23,"column":90}},"3":{"start":{"line":25,"column":1},"end":{"line":34,"column":3}},"4":{"start":{"line":37,"column":0},"end":{"line":37,"column":30}}},"fnMap":{"0":{"name":"(anonymous_0)","decl":{"start":{"line":22,"column":23},"end":{"line":22,"column":24}},"loc":{"start":{"line":22,"column":55},"end":{"line":35,"column":1}}}},"branchMap":{"0":{"loc":{"start":{"line":23,"column":9},"end":{"line":23,"column":22}},"type":"default-arg","locations":[{"start":{"line":23,"column":16},"end":{"line":23,"column":22}}]},"1":{"loc":{"start":{"line":23,"column":24},"end":{"line":23,"column":43}},"type":"default-arg","locations":[{"start":{"line":23,"column":38},"end":{"line":23,"column":43}}]},"2":{"loc":{"start":{"line":23,"column":52},"end":{"line":23,"column":65}},"type":"default-arg","locations":[{"start":{"line":23,"column":62},"end":{"line":23,"column":65}}]},"3":{"loc":{"start":{"line":23,"column":67},"end":{"line":23,"column":80}},"type":"default-arg","locations":[{"start":{"line":23,"column":77},"end":{"line":23,"column":80}}]}},"s":{"0":5,"1":5,"2":10,"3":10,"4":5},"f":{"0":10},"b":{"0":[1],"1":[5],"2":[6],"3":[6]}}
,"C:\\Users\\ericpeweh\\Desktop\\Desktop\\DEVELOPMENT\\PROJECT\\github-repositories-explorer\\src\\components\\RepositoryItem\\RepositoryItem.styles.ts": {"path":"C:\\Users\\ericpeweh\\Desktop\\Desktop\\DEVELOPMENT\\PROJECT\\github-repositories-explorer\\src\\components\\RepositoryItem\\RepositoryItem.styles.ts","statementMap":{"0":{"start":{"line":2,"column":0},"end":{"line":2,"column":48}},"1":{"start":{"line":4,"column":13},"end":{"line":10,"column":4}},"2":{"start":{"line":4,"column":65},"end":{"line":10,"column":2}},"3":{"start":{"line":12,"column":13},"end":{"line":15,"column":3}},"4":{"start":{"line":17,"column":13},"end":{"line":22,"column":3}},"5":{"start":{"line":24,"column":13},"end":{"line":38,"column":2}},"6":{"start":{"line":25,"column":17},"end":{"line":29,"column":3}},"7":{"start":{"line":31,"column":43},"end":{"line":31,"column":62}},"8":{"start":{"line":32,"column":25},"end":{"line":32,"column":43}},"9":{"start":{"line":34,"column":43},"end":{"line":34,"column":62}},"10":{"start":{"line":35,"column":25},"end":{"line":35,"column":43}},"11":{"start":{"line":40,"column":13},"end":{"line":46,"column":4}},"12":{"start":{"line":40,"column":63},"end":{"line":46,"column":2}},"13":{"start":{"line":48,"column":13},"end":{"line":50,"column":4}},"14":{"start":{"line":48,"column":62},"end":{"line":50,"column":2}}},"fnMap":{"0":{"name":"(anonymous_6)","decl":{"start":{"line":4,"column":49},"end":{"line":4,"column":50}},"loc":{"start":{"line":4,"column":65},"end":{"line":10,"column":2}}},"1":{"name":"(anonymous_7)","decl":{"start":{"line":25,"column":1},"end":{"line":25,"column":2}},"loc":{"start":{"line":25,"column":17},"end":{"line":29,"column":3}}},"2":{"name":"(anonymous_8)","decl":{"start":{"line":31,"column":34},"end":{"line":31,"column":39}},"loc":{"start":{"line":31,"column":43},"end":{"line":31,"column":62}}},"3":{"name":"(anonymous_9)","decl":{"start":{"line":32,"column":16},"end":{"line":32,"column":21}},"loc":{"start":{"line":32,"column":25},"end":{"line":32,"column":43}}},"4":{"name":"(anonymous_10)","decl":{"start":{"line":34,"column":34},"end":{"line":34,"column":39}},"loc":{"start":{"line":34,"column":43},"end":{"line":34,"column":62}}},"5":{"name":"(anonymous_11)","decl":{"start":{"line":35,"column":16},"end":{"line":35,"column":21}},"loc":{"start":{"line":35,"column":25},"end":{"line":35,"column":43}}},"6":{"name":"(anonymous_12)","decl":{"start":{"line":40,"column":47},"end":{"line":40,"column":48}},"loc":{"start":{"line":40,"column":63},"end":{"line":46,"column":2}}},"7":{"name":"(anonymous_13)","decl":{"start":{"line":48,"column":46},"end":{"line":48,"column":47}},"loc":{"start":{"line":48,"column":62},"end":{"line":50,"column":2}}}},"branchMap":{},"s":{"0":4,"1":4,"2":2,"3":4,"4":4,"5":4,"6":2,"7":2,"8":2,"9":2,"10":2,"11":4,"12":2,"13":4,"14":2},"f":{"0":2,"1":2,"2":2,"3":2,"4":2,"5":2,"6":2,"7":2},"b":{}}
,"C:\\Users\\ericpeweh\\Desktop\\Desktop\\DEVELOPMENT\\PROJECT\\github-repositories-explorer\\src\\components\\RepositoryItem\\RepositoryItem.tsx": {"path":"C:\\Users\\ericpeweh\\Desktop\\Desktop\\DEVELOPMENT\\PROJECT\\github-repositories-explorer\\src\\components\\RepositoryItem\\RepositoryItem.tsx","statementMap":{"0":{"start":{"line":2,"column":0},"end":{"line":2,"column":null}},"1":{"start":{"line":12,"column":0},"end":{"line":12,"column":51}},"2":{"start":{"line":26,"column":23},"end":{"line":43,"column":1}},"3":{"start":{"line":27,"column":71},"end":{"line":27,"column":79}},"4":{"start":{"line":29,"column":1},"end":{"line":42,"column":3}},"5":{"start":{"line":45,"column":0},"end":{"line":45,"column":30}}},"fnMap":{"0":{"name":"(anonymous_1)","decl":{"start":{"line":26,"column":23},"end":{"line":26,"column":24}},"loc":{"start":{"line":26,"column":62},"end":{"line":43,"column":1}}}},"branchMap":{"0":{"loc":{"start":{"line":39,"column":28},"end":{"line":39,"column":69}},"type":"binary-expr","locations":[{"start":{"line":39,"column":28},"end":{"line":39,"column":39}},{"start":{"line":39,"column":43},"end":{"line":39,"column":69}}]}},"s":{"0":4,"1":4,"2":4,"3":2,"4":2,"5":4},"f":{"0":2},"b":{"0":[2,1]}}
,"C:\\Users\\ericpeweh\\Desktop\\Desktop\\DEVELOPMENT\\PROJECT\\github-repositories-explorer\\src\\components\\SearchHeader\\SearchHeader.styles.ts": {"path":"C:\\Users\\ericpeweh\\Desktop\\Desktop\\DEVELOPMENT\\PROJECT\\github-repositories-explorer\\src\\components\\SearchHeader\\SearchHeader.styles.ts","statementMap":{"0":{"start":{"line":2,"column":0},"end":{"line":2,"column":48}},"1":{"start":{"line":4,"column":13},"end":{"line":6,"column":3}},"2":{"start":{"line":8,"column":13},"end":{"line":19,"column":2}},"3":{"start":{"line":15,"column":43},"end":{"line":15,"column":62}},"4":{"start":{"line":21,"column":13},"end":{"line":29,"column":4}},"5":{"start":{"line":21,"column":56},"end":{"line":29,"column":2}},"6":{"start":{"line":31,"column":13},"end":{"line":41,"column":4}},"7":{"start":{"line":31,"column":58},"end":{"line":41,"column":2}}},"fnMap":{"0":{"name":"(anonymous_6)","decl":{"start":{"line":15,"column":34},"end":{"line":15,"column":39}},"loc":{"start":{"line":15,"column":43},"end":{"line":15,"column":62}}},"1":{"name":"(anonymous_7)","decl":{"start":{"line":21,"column":40},"end":{"line":21,"column":41}},"loc":{"start":{"line":21,"column":56},"end":{"line":29,"column":2}}},"2":{"name":"(anonymous_8)","decl":{"start":{"line":31,"column":42},"end":{"line":31,"column":43}},"loc":{"start":{"line":31,"column":58},"end":{"line":41,"column":2}}}},"branchMap":{},"s":{"0":2,"1":2,"2":2,"3":24,"4":2,"5":24,"6":2,"7":24},"f":{"0":24,"1":24,"2":24},"b":{}}
,"C:\\Users\\ericpeweh\\Desktop\\Desktop\\DEVELOPMENT\\PROJECT\\github-repositories-explorer\\src\\components\\SearchHeader\\SearchHeader.tsx": {"path":"C:\\Users\\ericpeweh\\Desktop\\Desktop\\DEVELOPMENT\\PROJECT\\github-repositories-explorer\\src\\components\\SearchHeader\\SearchHeader.tsx","statementMap":{"0":{"start":{"line":2,"column":0},"end":{"line":2,"column":57}},"1":{"start":{"line":5,"column":0},"end":{"line":5,"column":null}},"2":{"start":{"line":22,"column":21},"end":{"line":51,"column":1}},"3":{"start":{"line":23,"column":39},"end":{"line":23,"column":59}},"4":{"start":{"line":25,"column":34},"end":{"line":27,"column":2}},"5":{"start":{"line":26,"column":2},"end":{"line":26,"column":37}},"6":{"start":{"line":29,"column":29},"end":{"line":34,"column":2}},"7":{"start":{"line":31,"column":2},"end":{"line":31,"column":25}},"8":{"start":{"line":33,"column":2},"end":{"line":33,"column":24}},"9":{"start":{"line":36,"column":1},"end":{"line":50,"column":3}},"10":{"start":{"line":53,"column":0},"end":{"line":53,"column":28}}},"fnMap":{"0":{"name":"(anonymous_0)","decl":{"start":{"line":22,"column":21},"end":{"line":22,"column":22}},"loc":{"start":{"line":22,"column":58},"end":{"line":51,"column":1}}},"1":{"name":"(anonymous_1)","decl":{"start":{"line":25,"column":34},"end":{"line":25,"column":35}},"loc":{"start":{"line":25,"column":75},"end":{"line":27,"column":2}}},"2":{"name":"(anonymous_2)","decl":{"start":{"line":29,"column":29},"end":{"line":29,"column":30}},"loc":{"start":{"line":29,"column":67},"end":{"line":34,"column":2}}}},"branchMap":{},"s":{"0":2,"1":2,"2":2,"3":24,"4":24,"5":20,"6":24,"7":1,"8":1,"9":24,"10":2},"f":{"0":24,"1":20,"2":1},"b":{}}
,"C:\\Users\\ericpeweh\\Desktop\\Desktop\\DEVELOPMENT\\PROJECT\\github-repositories-explorer\\src\\components\\SearchResult\\SearchResult.styles.ts": {"path":"C:\\Users\\ericpeweh\\Desktop\\Desktop\\DEVELOPMENT\\PROJECT\\github-repositories-explorer\\src\\components\\SearchResult\\SearchResult.styles.ts","statementMap":{"0":{"start":{"line":2,"column":0},"end":{"line":2,"column":39}},"1":{"start":{"line":4,"column":13},"end":{"line":9,"column":3}},"2":{"start":{"line":11,"column":13},"end":{"line":14,"column":4}},"3":{"start":{"line":11,"column":57},"end":{"line":14,"column":2}},"4":{"start":{"line":16,"column":13},"end":{"line":21,"column":3}}},"fnMap":{"0":{"name":"(anonymous_1)","decl":{"start":{"line":11,"column":41},"end":{"line":11,"column":42}},"loc":{"start":{"line":11,"column":57},"end":{"line":14,"column":2}}}},"branchMap":{},"s":{"0":2,"1":2,"2":2,"3":2,"4":2},"f":{"0":2},"b":{}}
,"C:\\Users\\ericpeweh\\Desktop\\Desktop\\DEVELOPMENT\\PROJECT\\github-repositories-explorer\\src\\components\\SearchResult\\SearchResult.tsx": {"path":"C:\\Users\\ericpeweh\\Desktop\\Desktop\\DEVELOPMENT\\PROJECT\\github-repositories-explorer\\src\\components\\SearchResult\\SearchResult.tsx","statementMap":{"0":{"start":{"line":2,"column":0},"end":{"line":2,"column":74}},"1":{"start":{"line":5,"column":0},"end":{"line":5,"column":44}},"2":{"start":{"line":6,"column":0},"end":{"line":6,"column":62}},"3":{"start":{"line":9,"column":0},"end":{"line":9,"column":90}},"4":{"start":{"line":10,"column":0},"end":{"line":10,"column":59}},"5":{"start":{"line":22,"column":21},"end":{"line":53,"column":1}},"6":{"start":{"line":31,"column":5},"end":{"line":31,"column":39}},"7":{"start":{"line":33,"column":1},"end":{"line":52,"column":3}},"8":{"start":{"line":45,"column":6},"end":{"line":45,"column":34}},"9":{"start":{"line":55,"column":0},"end":{"line":55,"column":28}}},"fnMap":{"0":{"name":"(anonymous_1)","decl":{"start":{"line":22,"column":21},"end":{"line":22,"column":22}},"loc":{"start":{"line":22,"column":61},"end":{"line":53,"column":1}}},"1":{"name":"(anonymous_2)","decl":{"start":{"line":44,"column":22},"end":{"line":44,"column":30}},"loc":{"start":{"line":45,"column":6},"end":{"line":45,"column":34}}}},"branchMap":{"0":{"loc":{"start":{"line":36,"column":4},"end":{"line":36,"column":93}},"type":"binary-expr","locations":[{"start":{"line":36,"column":4},"end":{"line":36,"column":13}},{"start":{"line":36,"column":17},"end":{"line":36,"column":27}},{"start":{"line":36,"column":31},"end":{"line":36,"column":93}}]},"1":{"loc":{"start":{"line":38,"column":4},"end":{"line":38,"column":76}},"type":"binary-expr","locations":[{"start":{"line":38,"column":4},"end":{"line":38,"column":9}},{"start":{"line":38,"column":13},"end":{"line":38,"column":76}}]},"2":{"loc":{"start":{"line":39,"column":4},"end":{"line":40,"column":null}},"type":"binary-expr","locations":[{"start":{"line":39,"column":4},"end":{"line":39,"column":13}},{"start":{"line":39,"column":17},"end":{"line":39,"column":28}},{"start":{"line":40,"column":4},"end":{"line":40,"column":74}}]},"3":{"loc":{"start":{"line":42,"column":4},"end":{"line":47,"column":null}},"type":"binary-expr","locations":[{"start":{"line":42,"column":4},"end":{"line":42,"column":13}},{"start":{"line":42,"column":17},"end":{"line":42,"column":40}},{"start":{"line":43,"column":4},"end":{"line":46,"column":null}}]},"4":{"loc":{"start":{"line":50,"column":4},"end":{"line":50,"column":89}},"type":"binary-expr","locations":[{"start":{"line":50,"column":4},"end":{"line":50,"column":9}},{"start":{"line":50,"column":13},"end":{"line":50,"column":38}},{"start":{"line":50,"column":42},"end":{"line":50,"column":89}}]}},"s":{"0":2,"1":2,"2":2,"3":2,"4":2,"5":2,"6":8,"7":8,"8":4,"9":2},"f":{"0":8,"1":4},"b":{"0":[8,5,4],"1":[8,1],"2":[8,2,2],"3":[8,2,2],"4":[8,2,0]}}
,"C:\\Users\\ericpeweh\\Desktop\\Desktop\\DEVELOPMENT\\PROJECT\\github-repositories-explorer\\src\\components\\UserItem\\UserItem.styles.ts": {"path":"C:\\Users\\ericpeweh\\Desktop\\Desktop\\DEVELOPMENT\\PROJECT\\github-repositories-explorer\\src\\components\\UserItem\\UserItem.styles.ts","statementMap":{"0":{"start":{"line":2,"column":0},"end":{"line":2,"column":48}},"1":{"start":{"line":4,"column":13},"end":{"line":9,"column":4}},"2":{"start":{"line":4,"column":59},"end":{"line":9,"column":2}},"3":{"start":{"line":11,"column":13},"end":{"line":20,"column":4}},"4":{"start":{"line":11,"column":58},"end":{"line":20,"column":2}},"5":{"start":{"line":22,"column":13},"end":{"line":26,"column":4}},"6":{"start":{"line":22,"column":54},"end":{"line":26,"column":2}},"7":{"start":{"line":28,"column":13},"end":{"line":42,"column":2}},"8":{"start":{"line":38,"column":43},"end":{"line":38,"column":62}},"9":{"start":{"line":44,"column":13},"end":{"line":48,"column":3}}},"fnMap":{"0":{"name":"(anonymous_6)","decl":{"start":{"line":4,"column":43},"end":{"line":4,"column":44}},"loc":{"start":{"line":4,"column":59},"end":{"line":9,"column":2}}},"1":{"name":"(anonymous_7)","decl":{"start":{"line":11,"column":42},"end":{"line":11,"column":43}},"loc":{"start":{"line":11,"column":58},"end":{"line":20,"column":2}}},"2":{"name":"(anonymous_8)","decl":{"start":{"line":22,"column":38},"end":{"line":22,"column":39}},"loc":{"start":{"line":22,"column":54},"end":{"line":26,"column":2}}},"3":{"name":"(anonymous_9)","decl":{"start":{"line":38,"column":34},"end":{"line":38,"column":39}},"loc":{"start":{"line":38,"column":43},"end":{"line":38,"column":62}}}},"branchMap":{},"s":{"0":3,"1":3,"2":11,"3":3,"4":11,"5":3,"6":11,"7":3,"8":2,"9":3},"f":{"0":11,"1":11,"2":11,"3":2},"b":{}}
,"C:\\Users\\ericpeweh\\Desktop\\Desktop\\DEVELOPMENT\\PROJECT\\github-repositories-explorer\\src\\components\\UserItem\\UserItem.tsx": {"path":"C:\\Users\\ericpeweh\\Desktop\\Desktop\\DEVELOPMENT\\PROJECT\\github-repositories-explorer\\src\\components\\UserItem\\UserItem.tsx","statementMap":{"0":{"start":{"line":2,"column":0},"end":{"line":2,"column":33}},"1":{"start":{"line":3,"column":0},"end":{"line":3,"column":45}},"2":{"start":{"line":6,"column":0},"end":{"line":6,"column":65}},"3":{"start":{"line":7,"column":0},"end":{"line":7,"column":61}},"4":{"start":{"line":8,"column":0},"end":{"line":8,"column":65}},"5":{"start":{"line":11,"column":0},"end":{"line":11,"column":76}},"6":{"start":{"line":17,"column":0},"end":{"line":17,"column":null}},"7":{"start":{"line":26,"column":0},"end":{"line":26,"column":59}},"8":{"start":{"line":27,"column":0},"end":{"line":27,"column":62}},"9":{"start":{"line":28,"column":0},"end":{"line":28,"column":62}},"10":{"start":{"line":38,"column":17},"end":{"line":91,"column":1}},"11":{"start":{"line":39,"column":19},"end":{"line":39,"column":29}},"12":{"start":{"line":40,"column":49},"end":{"line":40,"column":64}},"13":{"start":{"line":41,"column":29},"end":{"line":41,"column":37}},"14":{"start":{"line":51,"column":5},"end":{"line":51,"column":37}},"15":{"start":{"line":53,"column":39},"end":{"line":55,"column":2}},"16":{"start":{"line":54,"column":2},"end":{"line":54,"column":37}},"17":{"start":{"line":54,"column":30},"end":{"line":54,"column":35}},"18":{"start":{"line":57,"column":1},"end":{"line":90,"column":3}},"19":{"start":{"line":79,"column":6},"end":{"line":79,"column":36}},"20":{"start":{"line":93,"column":0},"end":{"line":93,"column":24}}},"fnMap":{"0":{"name":"(anonymous_1)","decl":{"start":{"line":38,"column":17},"end":{"line":38,"column":18}},"loc":{"start":{"line":38,"column":50},"end":{"line":91,"column":1}}},"1":{"name":"(anonymous_2)","decl":{"start":{"line":53,"column":39},"end":{"line":53,"column":42}},"loc":{"start":{"line":53,"column":44},"end":{"line":55,"column":2}}},"2":{"name":"(anonymous_3)","decl":{"start":{"line":54,"column":22},"end":{"line":54,"column":26}},"loc":{"start":{"line":54,"column":30},"end":{"line":54,"column":35}}},"3":{"name":"(anonymous_4)","decl":{"start":{"line":78,"column":23},"end":{"line":78,"column":27}},"loc":{"start":{"line":79,"column":6},"end":{"line":79,"column":36}}}},"branchMap":{"0":{"loc":{"start":{"line":67,"column":6},"end":{"line":67,"column":90}},"type":"binary-expr","locations":[{"start":{"line":67,"column":6},"end":{"line":67,"column":23}},{"start":{"line":67,"column":27},"end":{"line":67,"column":36}},{"start":{"line":67,"column":40},"end":{"line":67,"column":90}}]},"1":{"loc":{"start":{"line":69,"column":6},"end":{"line":69,"column":83}},"type":"binary-expr","locations":[{"start":{"line":69,"column":6},"end":{"line":69,"column":23}},{"start":{"line":69,"column":27},"end":{"line":69,"column":32}},{"start":{"line":69,"column":36},"end":{"line":69,"column":83}}]},"2":{"loc":{"start":{"line":70,"column":6},"end":{"line":70,"column":64}},"type":"cond-expr","locations":[{"start":{"line":70,"column":25},"end":{"line":70,"column":42}},{"start":{"line":70,"column":45},"end":{"line":70,"column":64}}]},"3":{"loc":{"start":{"line":73,"column":4},"end":{"line":74,"column":null}},"type":"binary-expr","locations":[{"start":{"line":73,"column":4},"end":{"line":73,"column":20}},{"start":{"line":73,"column":24},"end":{"line":73,"column":33}},{"start":{"line":73,"column":37},"end":{"line":73,"column":47}},{"start":{"line":74,"column":4},"end":{"line":74,"column":84}}]},"4":{"loc":{"start":{"line":76,"column":4},"end":{"line":81,"column":null}},"type":"binary-expr","locations":[{"start":{"line":76,"column":4},"end":{"line":76,"column":20}},{"start":{"line":76,"column":24},"end":{"line":76,"column":36}},{"start":{"line":76,"column":40},"end":{"line":76,"column":49}},{"start":{"line":77,"column":4},"end":{"line":80,"column":null}}]},"5":{"loc":{"start":{"line":84,"column":4},"end":{"line":85,"column":null}},"type":"binary-expr","locations":[{"start":{"line":84,"column":4},"end":{"line":84,"column":20}},{"start":{"line":84,"column":24},"end":{"line":84,"column":36}},{"start":{"line":84,"column":40},"end":{"line":84,"column":66}},{"start":{"line":85,"column":4},"end":{"line":85,"column":57}}]},"6":{"loc":{"start":{"line":88,"column":4},"end":{"line":88,"column":96}},"type":"binary-expr","locations":[{"start":{"line":88,"column":4},"end":{"line":88,"column":20}},{"start":{"line":88,"column":24},"end":{"line":88,"column":29}},{"start":{"line":88,"column":33},"end":{"line":88,"column":96}}]}},"s":{"0":3,"1":3,"2":3,"3":3,"4":3,"5":3,"6":3,"7":3,"8":3,"9":3,"10":3,"11":11,"12":11,"13":11,"14":11,"15":11,"16":3,"17":3,"18":11,"19":4,"20":3},"f":{"0":11,"1":3,"2":3,"3":4},"b":{"0":[11,8,5],"1":[11,8,1],"2":[3,8],"3":[11,3,0,0],"4":[11,3,2,2],"5":[11,3,2,0],"6":[11,3,1]}}
,"C:\\Users\\ericpeweh\\Desktop\\Desktop\\DEVELOPMENT\\PROJECT\\github-repositories-explorer\\src\\helpers\\constants.ts": {"path":"C:\\Users\\ericpeweh\\Desktop\\Desktop\\DEVELOPMENT\\PROJECT\\github-repositories-explorer\\src\\helpers\\constants.ts","statementMap":{"0":{"start":{"line":2,"column":13},"end":{"line":2,"column":60}},"1":{"start":{"line":5,"column":13},"end":{"line":5,"column":47}},"2":{"start":{"line":6,"column":13},"end":{"line":6,"column":47}}},"fnMap":{},"branchMap":{},"s":{"0":4,"1":4,"2":4},"f":{},"b":{}}
,"C:\\Users\\ericpeweh\\Desktop\\Desktop\\DEVELOPMENT\\PROJECT\\github-repositories-explorer\\src\\hooks\\api\\useGetUserRepositories.ts": {"path":"C:\\Users\\ericpeweh\\Desktop\\Desktop\\DEVELOPMENT\\PROJECT\\github-repositories-explorer\\src\\hooks\\api\\useGetUserRepositories.ts","statementMap":{"0":{"start":{"line":2,"column":0},"end":{"line":2,"column":62}},"1":{"start":{"line":5,"column":0},"end":{"line":5,"column":49}},"2":{"start":{"line":8,"column":0},"end":{"line":8,"column":57}},"3":{"start":{"line":14,"column":31},"end":{"line":27,"column":1}},"4":{"start":{"line":15,"column":23},"end":{"line":18,"column":3}},"5":{"start":{"line":20,"column":16},"end":{"line":23,"column":null}},"6":{"start":{"line":22,"column":8},"end":{"line":22,"column":38}},"7":{"start":{"line":26,"column":1},"end":{"line":26,"column":15}},"8":{"start":{"line":29,"column":0},"end":{"line":29,"column":38}}},"fnMap":{"0":{"name":"(anonymous_0)","decl":{"start":{"line":14,"column":31},"end":{"line":14,"column":32}},"loc":{"start":{"line":14,"column":52},"end":{"line":27,"column":1}}},"1":{"name":"(anonymous_1)","decl":{"start":{"line":22,"column":2},"end":{"line":22,"column":5}},"loc":{"start":{"line":22,"column":8},"end":{"line":22,"column":38}}}},"branchMap":{},"s":{"0":3,"1":3,"2":3,"3":3,"4":11,"5":11,"6":5,"7":11,"8":3},"f":{"0":11,"1":5},"b":{}}
,"C:\\Users\\ericpeweh\\Desktop\\Desktop\\DEVELOPMENT\\PROJECT\\github-repositories-explorer\\src\\hooks\\api\\useGetUsersByUsername.ts": {"path":"C:\\Users\\ericpeweh\\Desktop\\Desktop\\DEVELOPMENT\\PROJECT\\github-repositories-explorer\\src\\hooks\\api\\useGetUsersByUsername.ts","statementMap":{"0":{"start":{"line":2,"column":0},"end":{"line":2,"column":55}},"1":{"start":{"line":5,"column":0},"end":{"line":5,"column":49}},"2":{"start":{"line":8,"column":0},"end":{"line":8,"column":57}},"3":{"start":{"line":14,"column":30},"end":{"line":27,"column":1}},"4":{"start":{"line":15,"column":23},"end":{"line":18,"column":3}},"5":{"start":{"line":20,"column":16},"end":{"line":23,"column":null}},"6":{"start":{"line":22,"column":8},"end":{"line":22,"column":38}},"7":{"start":{"line":26,"column":1},"end":{"line":26,"column":15}},"8":{"start":{"line":29,"column":0},"end":{"line":29,"column":37}}},"fnMap":{"0":{"name":"(anonymous_0)","decl":{"start":{"line":14,"column":30},"end":{"line":14,"column":31}},"loc":{"start":{"line":14,"column":51},"end":{"line":27,"column":1}}},"1":{"name":"(anonymous_1)","decl":{"start":{"line":22,"column":2},"end":{"line":22,"column":5}},"loc":{"start":{"line":22,"column":8},"end":{"line":22,"column":38}}}},"branchMap":{},"s":{"0":2,"1":2,"2":2,"3":2,"4":8,"5":8,"6":4,"7":8,"8":2},"f":{"0":8,"1":4},"b":{}}
,"C:\\Users\\ericpeweh\\Desktop\\Desktop\\DEVELOPMENT\\PROJECT\\github-repositories-explorer\\src\\styles\\theme.ts": {"path":"C:\\Users\\ericpeweh\\Desktop\\Desktop\\DEVELOPMENT\\PROJECT\\github-repositories-explorer\\src\\styles\\theme.ts","statementMap":{"0":{"start":{"line":24,"column":18},"end":{"line":44,"column":2}},"1":{"start":{"line":46,"column":0},"end":{"line":46,"column":25}}},"fnMap":{},"branchMap":{},"s":{"0":1,"1":1},"f":{},"b":{}}
}
