TN:
SF:src\App.styles.ts
FN:15,(anonymous_6)
FN:18,(anonymous_7)
FN:21,(anonymous_8)
FN:34,(anonymous_9)
FN:37,(anonymous_10)
FNF:5
FNH:5
FNDA:1,(anonymous_6)
FNDA:1,(anonymous_7)
FNDA:1,(anonymous_8)
FNDA:1,(anonymous_9)
FNDA:1,(anonymous_10)
DA:2,1
DA:4,1
DA:15,1
DA:18,1
DA:21,1
DA:27,1
DA:34,1
DA:37,1
LF:8
LH:8
BRF:0
BRH:0
end_of_record
TN:
SF:src\App.tsx
FN:22,(anonymous_1)
FN:25,(anonymous_2)
FNF:2
FNH:1
FNDA:1,(anonymous_1)
FNDA:0,(anonymous_2)
DA:2,1
DA:3,1
DA:6,1
DA:9,1
DA:10,1
DA:13,1
DA:14,1
DA:17,1
DA:22,1
DA:23,1
DA:25,1
DA:26,0
DA:29,1
DA:42,1
LF:14
LH:13
BRF:0
BRH:0
end_of_record
TN:
SF:src\api\repositories.ts
FN:4,(anonymous_0)
FNF:1
FNH:1
FNDA:5,(anonymous_0)
DA:2,3
DA:4,3
DA:5,5
DA:8,5
DA:9,1
DA:12,4
DA:13,0
DA:14,0
DA:16,0
DA:17,0
DA:20,0
DA:23,4
LF:12
LH:7
BRDA:8,0,0,1
BRDA:12,1,0,0
BRDA:14,2,0,0
BRDA:14,2,1,0
BRDA:16,3,0,0
BRF:5
BRH:1
end_of_record
TN:
SF:src\api\users.ts
FN:4,(anonymous_0)
FNF:1
FNH:1
FNDA:4,(anonymous_0)
DA:2,2
DA:4,2
DA:5,4
DA:10,4
DA:11,1
DA:14,3
DA:15,0
DA:16,0
DA:18,0
DA:19,0
DA:22,0
DA:25,3
LF:12
LH:7
BRDA:10,0,0,1
BRDA:14,1,0,0
BRDA:16,2,0,0
BRDA:16,2,1,0
BRDA:18,3,0,0
BRF:5
BRH:1
end_of_record
TN:
SF:src\assets\icons\IconChevronDown.tsx
FN:4,(anonymous_0)
FNF:1
FNH:1
FNDA:8,(anonymous_0)
DA:4,3
DA:5,8
DA:15,3
LF:3
LH:3
BRF:0
BRH:0
end_of_record
TN:
SF:src\assets\icons\IconChevronUp.tsx
FN:4,(anonymous_0)
FNF:1
FNH:1
FNDA:3,(anonymous_0)
DA:4,3
DA:5,3
DA:15,3
LF:3
LH:3
BRF:0
BRH:0
end_of_record
TN:
SF:src\assets\icons\IconErrorCircle.tsx
FN:4,(anonymous_0)
FNF:1
FNH:1
FNDA:1,(anonymous_0)
DA:4,3
DA:5,1
DA:13,3
LF:3
LH:3
BRF:0
BRH:0
end_of_record
TN:
SF:src\assets\icons\IconStar.tsx
FN:4,(anonymous_0)
FNF:1
FNH:1
FNDA:2,(anonymous_0)
DA:4,4
DA:5,2
DA:12,4
LF:3
LH:3
BRF:0
BRH:0
end_of_record
TN:
SF:src\components\ErrorFallback\ErrorFallback.styles.ts
FN:13,(anonymous_1)
FN:20,(anonymous_2)
FNF:2
FNH:2
FNDA:5,(anonymous_1)
FNDA:3,(anonymous_2)
DA:2,5
DA:4,5
DA:13,5
DA:20,5
LF:4
LH:4
BRDA:16,0,0,0
BRDA:16,0,1,5
BRF:2
BRH:1
end_of_record
TN:
SF:src\components\ErrorFallback\ErrorFallback.tsx
FN:20,(anonymous_0)
FNF:1
FNH:1
FNDA:5,(anonymous_0)
DA:2,5
DA:20,5
DA:21,5
DA:23,5
DA:33,5
LF:5
LH:5
BRDA:26,0,0,5
BRDA:26,0,1,2
BRDA:28,1,0,5
BRDA:28,1,1,3
BRF:4
BRH:4
end_of_record
TN:
SF:src\components\LoadingSpinner\LoadingSpinner.styles.ts
FN:23,(anonymous_6)
FNF:1
FNH:1
FNDA:10,(anonymous_6)
DA:2,5
DA:5,5
DA:22,5
DA:23,10
LF:4
LH:4
BRDA:26,0,0,10
BRDA:26,0,1,10
BRF:2
BRH:2
end_of_record
TN:
SF:src\components\LoadingSpinner\LoadingSpinner.tsx
FN:22,(anonymous_0)
FNF:1
FNH:1
FNDA:10,(anonymous_0)
DA:2,5
DA:22,5
DA:23,10
DA:25,10
DA:37,5
LF:5
LH:5
BRDA:23,0,0,1
BRDA:23,1,0,5
BRDA:23,2,0,6
BRDA:23,3,0,6
BRF:4
BRH:4
end_of_record
TN:
SF:src\components\RepositoryItem\RepositoryItem.styles.ts
FN:4,(anonymous_6)
FN:25,(anonymous_7)
FN:31,(anonymous_8)
FN:32,(anonymous_9)
FN:34,(anonymous_10)
FN:35,(anonymous_11)
FN:40,(anonymous_12)
FN:48,(anonymous_13)
FNF:8
FNH:8
FNDA:2,(anonymous_6)
FNDA:2,(anonymous_7)
FNDA:2,(anonymous_8)
FNDA:2,(anonymous_9)
FNDA:2,(anonymous_10)
FNDA:2,(anonymous_11)
FNDA:2,(anonymous_12)
FNDA:2,(anonymous_13)
DA:2,4
DA:4,4
DA:12,4
DA:17,4
DA:24,4
DA:25,2
DA:31,2
DA:32,2
DA:34,2
DA:35,2
DA:40,4
DA:48,4
LF:12
LH:12
BRF:0
BRH:0
end_of_record
TN:
SF:src\components\RepositoryItem\RepositoryItem.tsx
FN:26,(anonymous_1)
FNF:1
FNH:1
FNDA:2,(anonymous_1)
DA:2,4
DA:12,4
DA:26,4
DA:27,2
DA:29,2
DA:45,4
LF:6
LH:6
BRDA:39,0,0,2
BRDA:39,0,1,1
BRF:2
BRH:2
end_of_record
TN:
SF:src\components\SearchHeader\SearchHeader.styles.ts
FN:15,(anonymous_6)
FN:21,(anonymous_7)
FN:31,(anonymous_8)
FNF:3
FNH:3
FNDA:24,(anonymous_6)
FNDA:24,(anonymous_7)
FNDA:24,(anonymous_8)
DA:2,2
DA:4,2
DA:8,2
DA:15,24
DA:21,24
DA:31,24
LF:6
LH:6
BRF:0
BRH:0
end_of_record
TN:
SF:src\components\SearchHeader\SearchHeader.tsx
FN:22,(anonymous_0)
FN:25,(anonymous_1)
FN:29,(anonymous_2)
FNF:3
FNH:3
FNDA:24,(anonymous_0)
FNDA:20,(anonymous_1)
FNDA:1,(anonymous_2)
DA:2,2
DA:5,2
DA:22,2
DA:23,24
DA:25,24
DA:26,20
DA:29,24
DA:31,1
DA:33,1
DA:36,24
DA:53,2
LF:11
LH:11
BRF:0
BRH:0
end_of_record
TN:
SF:src\components\SearchResult\SearchResult.styles.ts
FN:11,(anonymous_1)
FNF:1
FNH:1
FNDA:2,(anonymous_1)
DA:2,2
DA:4,2
DA:11,2
DA:16,2
LF:4
LH:4
BRF:0
BRH:0
end_of_record
TN:
SF:src\components\SearchResult\SearchResult.tsx
FN:22,(anonymous_1)
FN:44,(anonymous_2)
FNF:2
FNH:2
FNDA:8,(anonymous_1)
FNDA:4,(anonymous_2)
DA:2,2
DA:5,2
DA:6,2
DA:9,2
DA:10,2
DA:22,2
DA:31,8
DA:33,8
DA:45,4
DA:55,2
LF:10
LH:10
BRDA:36,0,0,8
BRDA:36,0,1,5
BRDA:36,0,2,4
BRDA:38,1,0,8
BRDA:38,1,1,1
BRDA:39,2,0,8
BRDA:39,2,1,2
BRDA:39,2,2,2
BRDA:42,3,0,8
BRDA:42,3,1,2
BRDA:42,3,2,2
BRDA:50,4,0,8
BRDA:50,4,1,2
BRDA:50,4,2,0
BRF:14
BRH:13
end_of_record
TN:
SF:src\components\UserItem\UserItem.styles.ts
FN:4,(anonymous_6)
FN:11,(anonymous_7)
FN:22,(anonymous_8)
FN:38,(anonymous_9)
FNF:4
FNH:4
FNDA:11,(anonymous_6)
FNDA:11,(anonymous_7)
FNDA:11,(anonymous_8)
FNDA:2,(anonymous_9)
DA:2,3
DA:4,11
DA:11,11
DA:22,11
DA:28,3
DA:38,2
DA:44,3
LF:7
LH:7
BRF:0
BRH:0
end_of_record
TN:
SF:src\components\UserItem\UserItem.tsx
FN:38,(anonymous_1)
FN:53,(anonymous_2)
FN:54,(anonymous_3)
FN:78,(anonymous_4)
FNF:4
FNH:4
FNDA:11,(anonymous_1)
FNDA:3,(anonymous_2)
FNDA:3,(anonymous_3)
FNDA:4,(anonymous_4)
DA:2,3
DA:3,3
DA:6,3
DA:7,3
DA:8,3
DA:11,3
DA:17,3
DA:26,3
DA:27,3
DA:28,3
DA:38,3
DA:39,11
DA:40,11
DA:41,11
DA:51,11
DA:53,11
DA:54,3
DA:57,11
DA:79,4
DA:93,3
LF:20
LH:20
BRDA:67,0,0,11
BRDA:67,0,1,8
BRDA:67,0,2,5
BRDA:69,1,0,11
BRDA:69,1,1,8
BRDA:69,1,2,1
BRDA:70,2,0,3
BRDA:70,2,1,8
BRDA:73,3,0,11
BRDA:73,3,1,3
BRDA:73,3,2,0
BRDA:73,3,3,0
BRDA:76,4,0,11
BRDA:76,4,1,3
BRDA:76,4,2,2
BRDA:76,4,3,2
BRDA:84,5,0,11
BRDA:84,5,1,3
BRDA:84,5,2,2
BRDA:84,5,3,0
BRDA:88,6,0,11
BRDA:88,6,1,3
BRDA:88,6,2,1
BRF:23
BRH:20
end_of_record
TN:
SF:src\helpers\constants.ts
FNF:0
FNH:0
DA:2,4
DA:5,4
DA:6,4
LF:3
LH:3
BRF:0
BRH:0
end_of_record
TN:
SF:src\hooks\api\useGetUserRepositories.ts
FN:14,(anonymous_0)
FN:22,(anonymous_1)
FNF:2
FNH:2
FNDA:11,(anonymous_0)
FNDA:5,(anonymous_1)
DA:2,3
DA:5,3
DA:8,3
DA:14,3
DA:15,11
DA:20,11
DA:22,5
DA:26,11
DA:29,3
LF:9
LH:9
BRF:0
BRH:0
end_of_record
TN:
SF:src\hooks\api\useGetUsersByUsername.ts
FN:14,(anonymous_0)
FN:22,(anonymous_1)
FNF:2
FNH:2
FNDA:8,(anonymous_0)
FNDA:4,(anonymous_1)
DA:2,2
DA:5,2
DA:8,2
DA:14,2
DA:15,8
DA:20,8
DA:22,4
DA:26,8
DA:29,2
LF:9
LH:9
BRF:0
BRH:0
end_of_record
TN:
SF:src\styles\theme.ts
FNF:0
FNH:0
DA:24,1
DA:46,1
LF:2
LH:2
BRF:0
BRH:0
end_of_record
